<?xml version="1.0" encoding="UTF-8"?>
<!DOCTYPE mapper
  PUBLIC "-//mybatis.org//DTD Mapper 3.0//EN"
  "https://mybatis.org/dtd/mybatis-3-mapper.dtd">

  <mapper namespace="testMapper">
  	<insert id="insertCategory">
  		INSERT INTO CATEGORY
  		VALUES (#{category_no},#{category_name})
  	</insert>
  	<select id="selectCategory" resultType="category">
  		SELECT *
  		FROM CATEGORY
  		ORDER BY CATEGORY_NO
  	</select>
  </mapper>