<?xml version="1.0" encoding="UTF-8"?>
<!DOCTYPE mapper
  PUBLIC "-//mybatis.org//DTD Mapper 3.0//EN"
  "https://mybatis.org/dtd/mybatis-3-mapper.dtd">

  <mapper namespace="testMapper">
  	<insert id="insertCategory">
  		INSERT INTO CATEGORY
  		VALUES (#{categoryNo},#{categoryName})
  	</insert>
  	<insert id="insertProduct">
  		INSERT INTO PRODUCT
  		VALUES (#{productNo},#{productName},#{categoryNo})
  	</insert>
  </mapper>